=============================Start excuting TestCase caseId:case01 case01=================
{"args":{"argTypes":[null],"inputArgs":[{"flags":{}}],"virtualObjects":[{"flags":{}}]},"depDataSet":{"virtualTables":[]},"description":"case01","expectDataSet":{"virtualTables":[]},"expectEventSet":{"virtualEventObjects":[]},"expectException":{"expectException":{"flags":{}},"virtualObject":{"flags":{}}},"expectResult":{"result":{"flags":{}},"virtualObject":{"flags":{}}},"virtualComponentSet":{"components":[]},"virtualParams":{"params":{"val2":{"flags":{},"objClass":"java.lang.String","object":"sampleVal2"},"val1":{"flags":{},"objClass":"java.lang.String","object":"sampleVal1"}}}}
====================Cleaning up DB data preparations=============================
process阶段异常原因:com.alipay.test.acts.exception.ActsTestException: unknown exception while invocation
	at com.alipay.test.acts.component.handler.TestUnitHandler.execute(TestUnitHandler.java:318)
	at com.alipay.test.acts.template.ActsTestBase.execute(ActsTestBase.java:1013)
	at com.alipay.test.acts.template.ActsTestBase.process(ActsTestBase.java:872)
	at com.alipay.test.acts.template.ActsTestBase.runTest(ActsTestBase.java:773)
	at com.github.loadup.modules.upms.test.userservice.getuserbyid.GetUserByIdTest.getUserById(GetUserByIdTest.java:46)
	at java.base/jdk.internal.reflect.NativeMethodAccessorImpl.invoke0(Native Method)
	at java.base/jdk.internal.reflect.NativeMethodAccessorImpl.invoke(NativeMethodAccessorImpl.java:77)
	at java.base/jdk.internal.reflect.DelegatingMethodAccessorImpl.invoke(DelegatingMethodAccessorImpl.java:43)
	at java.base/java.lang.reflect.Method.invoke(Method.java:569)
	at org.testng.internal.invokers.MethodInvocationHelper.invokeMethod(MethodInvocationHelper.java:141)
	at org.testng.internal.invokers.MethodInvocationHelper$1.runTestMethod(MethodInvocationHelper.java:260)
	at org.springframework.test.context.testng.AbstractTestNGSpringContextTests.run(AbstractTestNGSpringContextTests.java:154)
	at org.testng.internal.invokers.MethodInvocationHelper.invokeHookable(MethodInvocationHelper.java:274)
	at org.testng.internal.invokers.TestInvoker.invokeMethod(TestInvoker.java:679)
	at org.testng.internal.invokers.TestInvoker.invokeTestMethod(TestInvoker.java:230)
	at org.testng.internal.invokers.MethodRunner.runInSequence(MethodRunner.java:63)
	at org.testng.internal.invokers.TestInvoker$MethodInvocationAgent.invoke(TestInvoker.java:995)
	at org.testng.internal.invokers.TestInvoker.invokeTestMethods(TestInvoker.java:203)
	at org.testng.internal.invokers.TestMethodWorker.invokeTestMethods(TestMethodWorker.java:154)
	at org.testng.internal.invokers.TestMethodWorker.run(TestMethodWorker.java:134)
	at java.base/java.util.ArrayList.forEach(ArrayList.java:1511)
	at org.testng.TestRunner.privateRun(TestRunner.java:741)
	at org.testng.TestRunner.run(TestRunner.java:616)
	at org.testng.SuiteRunner.runTest(SuiteRunner.java:421)
	at org.testng.SuiteRunner.runSequentially(SuiteRunner.java:413)
	at org.testng.SuiteRunner.privateRun(SuiteRunner.java:373)
	at org.testng.SuiteRunner.run(SuiteRunner.java:312)
	at org.testng.SuiteRunnerWorker.runSuite(SuiteRunnerWorker.java:52)
	at org.testng.SuiteRunnerWorker.run(SuiteRunnerWorker.java:95)
	at org.testng.TestNG.runSuitesSequentially(TestNG.java:1274)
	at org.testng.TestNG.runSuitesLocally(TestNG.java:1208)
	at org.testng.TestNG.runSuites(TestNG.java:1112)
	at org.testng.TestNG.run(TestNG.java:1079)
	at com.intellij.rt.testng.IDEARemoteTestNG.run(IDEARemoteTestNG.java:65)
	at com.intellij.rt.testng.RemoteTestNGStarter.main(RemoteTestNGStarter.java:105)
Caused by: java.lang.NullPointerException: Cannot invoke "Object.getClass()" because "o" is null
	at com.alipay.test.acts.component.handler.TestUnitHandler.replaceAllParam(TestUnitHandler.java:863)
	at com.alipay.test.acts.component.handler.TestUnitHandler.execute(TestUnitHandler.java:278)
	... 34 more

====================Cleaning up DB data preparations=============================
runTest阶段异常原因:com.alipay.test.acts.exception.ActsTestException: java.lang.NullPointerException: Cannot invoke "Object.getClass()" because "o" is null
	at com.alipay.test.acts.template.ActsTestBase.process(ActsTestBase.java:884)
	at com.alipay.test.acts.template.ActsTestBase.runTest(ActsTestBase.java:773)
	at com.github.loadup.modules.upms.test.userservice.getuserbyid.GetUserByIdTest.getUserById(GetUserByIdTest.java:46)
	at java.base/jdk.internal.reflect.NativeMethodAccessorImpl.invoke0(Native Method)
	at java.base/jdk.internal.reflect.NativeMethodAccessorImpl.invoke(NativeMethodAccessorImpl.java:77)
	at java.base/jdk.internal.reflect.DelegatingMethodAccessorImpl.invoke(DelegatingMethodAccessorImpl.java:43)
	at java.base/java.lang.reflect.Method.invoke(Method.java:569)
	at org.testng.internal.invokers.MethodInvocationHelper.invokeMethod(MethodInvocationHelper.java:141)
	at org.testng.internal.invokers.MethodInvocationHelper$1.runTestMethod(MethodInvocationHelper.java:260)
	at org.springframework.test.context.testng.AbstractTestNGSpringContextTests.run(AbstractTestNGSpringContextTests.java:154)
	at org.testng.internal.invokers.MethodInvocationHelper.invokeHookable(MethodInvocationHelper.java:274)
	at org.testng.internal.invokers.TestInvoker.invokeMethod(TestInvoker.java:679)
	at org.testng.internal.invokers.TestInvoker.invokeTestMethod(TestInvoker.java:230)
	at org.testng.internal.invokers.MethodRunner.runInSequence(MethodRunner.java:63)
	at org.testng.internal.invokers.TestInvoker$MethodInvocationAgent.invoke(TestInvoker.java:995)
	at org.testng.internal.invokers.TestInvoker.invokeTestMethods(TestInvoker.java:203)
	at org.testng.internal.invokers.TestMethodWorker.invokeTestMethods(TestMethodWorker.java:154)
	at org.testng.internal.invokers.TestMethodWorker.run(TestMethodWorker.java:134)
	at java.base/java.util.ArrayList.forEach(ArrayList.java:1511)
	at org.testng.TestRunner.privateRun(TestRunner.java:741)
	at org.testng.TestRunner.run(TestRunner.java:616)
	at org.testng.SuiteRunner.runTest(SuiteRunner.java:421)
	at org.testng.SuiteRunner.runSequentially(SuiteRunner.java:413)
	at org.testng.SuiteRunner.privateRun(SuiteRunner.java:373)
	at org.testng.SuiteRunner.run(SuiteRunner.java:312)
	at org.testng.SuiteRunnerWorker.runSuite(SuiteRunnerWorker.java:52)
	at org.testng.SuiteRunnerWorker.run(SuiteRunnerWorker.java:95)
	at org.testng.TestNG.runSuitesSequentially(TestNG.java:1274)
	at org.testng.TestNG.runSuitesLocally(TestNG.java:1208)
	at org.testng.TestNG.runSuites(TestNG.java:1112)
	at org.testng.TestNG.run(TestNG.java:1079)
	at com.intellij.rt.testng.IDEARemoteTestNG.run(IDEARemoteTestNG.java:65)
	at com.intellij.rt.testng.RemoteTestNGStarter.main(RemoteTestNGStarter.java:105)
Caused by: java.lang.NullPointerException: Cannot invoke "Object.getClass()" because "o" is null
	at com.alipay.test.acts.component.handler.TestUnitHandler.replaceAllParam(TestUnitHandler.java:863)
	at com.alipay.test.acts.component.handler.TestUnitHandler.execute(TestUnitHandler.java:278)
	at com.alipay.test.acts.template.ActsTestBase.execute(ActsTestBase.java:1013)
	at com.alipay.test.acts.template.ActsTestBase.process(ActsTestBase.java:872)
	... 32 more

