[[1;34mINFO[m] Scanning for projects...
[[1;34mINFO[m] 
[[1;34mINFO[m] [1m----< [0;36mcom.github.loadup.framework:loadup-components-scheduler-test[0;1m >----[m
[[1;34mINFO[m] [1mBuilding loadup-components-scheduler-test 1.0.0-SNAPSHOT[m
[[1;34mINFO[m] [1m--------------------------------[ jar ]---------------------------------[m
[[1;34mINFO[m] 
[[1;34mINFO[m] [1m--- [0;32mjacoco-maven-plugin:0.8.10:prepare-agent[m [1m(default)[m @ [36mloadup-components-scheduler-test[0;1m ---[m
[[1;34mINFO[m] argLine set to -javaagent:/Users/lise/.m2/repository_personal/org/jacoco/org.jacoco.agent/0.8.10/org.jacoco.agent-0.8.10-runtime.jar=destfile=/Users/lise/PersonalSpace/loadup-cloud/loadup-framework/components/loadup-components-scheduler/loadup-components-scheduler-test/target/jacoco.exec
[[1;34mINFO[m] 
[[1;34mINFO[m] [1m--- [0;32mmaven-resources-plugin:3.3.1:resources[m [1m(default-resources)[m @ [36mloadup-components-scheduler-test[0;1m ---[m
[[1;34mINFO[m] skip non existing resourceDirectory /Users/lise/PersonalSpace/loadup-cloud/loadup-framework/components/loadup-components-scheduler/loadup-components-scheduler-test/src/main/resources
[[1;34mINFO[m] 
[[1;34mINFO[m] [1m--- [0;32mmaven-compiler-plugin:3.14.1:compile[m [1m(default-compile)[m @ [36mloadup-components-scheduler-test[0;1m ---[m
[[1;34mINFO[m] No sources to compile
[[1;34mINFO[m] 
[[1;34mINFO[m] [1m--- [0;32mmaven-resources-plugin:3.3.1:testResources[m [1m(default-testResources)[m @ [36mloadup-components-scheduler-test[0;1m ---[m
[[1;34mINFO[m] Copying 1 resource from src/test/resources to target/test-classes
[[1;34mINFO[m] 
[[1;34mINFO[m] [1m--- [0;32mmaven-compiler-plugin:3.14.1:testCompile[m [1m(default-testCompile)[m @ [36mloadup-components-scheduler-test[0;1m ---[m
[[1;34mINFO[m] Recompiling the module because of [1mchanged source code[m.
[[1;34mINFO[m] Compiling 10 source files with javac [debug target 17] to target/test-classes
[[1;34mINFO[m] -------------------------------------------------------------
[[1;31mERROR[m] COMPILATION ERROR : 
[[1;34mINFO[m] -------------------------------------------------------------
[[1;31mERROR[m] /Users/lise/PersonalSpace/loadup-cloud/loadup-framework/components/loadup-components-scheduler/loadup-components-scheduler-test/src/test/java/com/github/loadup/components/scheduler/integration/QuartzSchedulerIntegrationTest.java:[131,9] illegal start of type
[[1;34mINFO[m] 1 error
[[1;34mINFO[m] -------------------------------------------------------------
[[1;34mINFO[m] [1m------------------------------------------------------------------------[m
[[1;34mINFO[m] [1;31mBUILD FAILURE[m
[[1;34mINFO[m] [1m------------------------------------------------------------------------[m
[[1;34mINFO[m] Total time:  0.936 s
[[1;34mINFO[m] Finished at: 2025-12-30T11:02:48+08:00
[[1;34mINFO[m] [1m------------------------------------------------------------------------[m
[[1;31mERROR[m] Failed to execute goal [32morg.apache.maven.plugins:maven-compiler-plugin:3.14.1:testCompile[m [1m(default-testCompile)[m on project [36mloadup-components-scheduler-test[m: [1;31mCompilation failure[m
[[1;31mERROR[m] [1;31m/Users/lise/PersonalSpace/loadup-cloud/loadup-framework/components/loadup-components-scheduler/loadup-components-scheduler-test/src/test/java/com/github/loadup/components/scheduler/integration/QuartzSchedulerIntegrationTest.java:[131,9] illegal start of type[m
[[1;31mERROR[m] [1;31m[m
[[1;31mERROR[m] -> [1m[Help 1][m
[[1;31mERROR[m] 
[[1;31mERROR[m] To see the full stack trace of the errors, re-run Maven with the [1m-e[m switch.
[[1;31mERROR[m] Re-run Maven using the [1m-X[m switch to enable full debug logging.
[[1;31mERROR[m] 
[[1;31mERROR[m] For more information about the errors and possible solutions, please read the following articles:
[[1;31mERROR[m] [1m[Help 1][m http://cwiki.apache.org/confluence/display/MAVEN/MojoFailureException
